<?xml version="1.0" encoding="UTF-8"?>
<!-- Generated by org.testng.reporters.JUnitReportReporter -->
<testsuite hostname="DESKTOP-T95AVB5" name="Webdriverprogrames.Testngprograms" tests="1" failures="0" timestamp="29 Apr 2020 16:21:22 GMT" time="0.005" errors="1">
  <testcase name="click" time="0.005" classname="Webdriverprogrames.Testngprograms">
    <error type="org.openqa.selenium.SessionNotCreatedException" message="session not created: This version of ChromeDriver only supports Chrome version 77
Build info: version: &#039;3.141.59&#039;, revision: &#039;e82be7d358&#039;, time: &#039;2018-11-14T08:25:53&#039;
System info: host: &#039;DESKTOP-T95AVB5&#039;, ip: &#039;192.168.43.88&#039;, os.name: &#039;Windows 10&#039;, os.arch: &#039;amd64&#039;, os.version: &#039;10.0&#039;, java.version: &#039;1.8.0_221&#039;
Driver info: driver.version: ChromeDriver
remote stacktrace: Backtrace:
	Ordinal0 [0x0038EB13+1501971]
	Ordinal0 [0x0030F6D1+980689]
	Ordinal0 [0x0029765F+489055]
	Ordinal0 [0x0022F2F4+62196]
	Ordinal0 [0x0022BCDA+48346]
	Ordinal0 [0x00249800+169984]
	Ordinal0 [0x0024942D+169005]
	Ordinal0 [0x002478EB+162027]
	Ordinal0 [0x00230AC7+68295]
	Ordinal0 [0x00231B40+72512]
	Ordinal0 [0x00231AD9+72409]
	Ordinal0 [0x00328F37+1085239]
	GetHandleVerifier [0x0042D7ED+503293]
	GetHandleVerifier [0x0042D580+502672]
	GetHandleVerifier [0x004346AC+531644]
	GetHandleVerifier [0x0042DFFA+505354]
	Ordinal0 [0x00320606+1050118]
	Ordinal0 [0x0032047F+1049727]
	Ordinal0 [0x0032AF9B+1093531]
	Ordinal0 [0x0032B103+1093891]
	Ordinal0 [0x0032A095+1089685]
	BaseThreadInitThunk [0x75CD6359+25]
	RtlGetAppContainerNamedObjectPath [0x77197C14+228]
	RtlGetAppContainerNamedObjectPath [0x77197BE4+180]
">
      <![CDATA[org.openqa.selenium.SessionNotCreatedException: session not created: This version of ChromeDriver only supports Chrome version 77
Build info: version: '3.141.59', revision: 'e82be7d358', time: '2018-11-14T08:25:53'
System info: host: 'DESKTOP-T95AVB5', ip: '192.168.43.88', os.name: 'Windows 10', os.arch: 'amd64', os.version: '10.0', java.version: '1.8.0_221'
Driver info: driver.version: ChromeDriver
remote stacktrace: Backtrace:
	Ordinal0 [0x0038EB13+1501971]
	Ordinal0 [0x0030F6D1+980689]
	Ordinal0 [0x0029765F+489055]
	Ordinal0 [0x0022F2F4+62196]
	Ordinal0 [0x0022BCDA+48346]
	Ordinal0 [0x00249800+169984]
	Ordinal0 [0x0024942D+169005]
	Ordinal0 [0x002478EB+162027]
	Ordinal0 [0x00230AC7+68295]
	Ordinal0 [0x00231B40+72512]
	Ordinal0 [0x00231AD9+72409]
	Ordinal0 [0x00328F37+1085239]
	GetHandleVerifier [0x0042D7ED+503293]
	GetHandleVerifier [0x0042D580+502672]
	GetHandleVerifier [0x004346AC+531644]
	GetHandleVerifier [0x0042DFFA+505354]
	Ordinal0 [0x00320606+1050118]
	Ordinal0 [0x0032047F+1049727]
	Ordinal0 [0x0032AF9B+1093531]
	Ordinal0 [0x0032B103+1093891]
	Ordinal0 [0x0032A095+1089685]
	BaseThreadInitThunk [0x75CD6359+25]
	RtlGetAppContainerNamedObjectPath [0x77197C14+228]
	RtlGetAppContainerNamedObjectPath [0x77197BE4+180]

	at sun.reflect.NativeConstructorAccessorImpl.newInstance0(Native Method)
	at sun.reflect.NativeConstructorAccessorImpl.newInstance(Unknown Source)
	at sun.reflect.DelegatingConstructorAccessorImpl.newInstance(Unknown Source)
	at java.lang.reflect.Constructor.newInstance(Unknown Source)
	at org.openqa.selenium.remote.W3CHandshakeResponse.lambda$errorHandler$0(W3CHandshakeResponse.java:62)
	at org.openqa.selenium.remote.HandshakeResponse.lambda$getResponseFunction$0(HandshakeResponse.java:30)
	at org.openqa.selenium.remote.ProtocolHandshake.lambda$createSession$0(ProtocolHandshake.java:126)
	at java.util.stream.ReferencePipeline$3$1.accept(Unknown Source)
	at java.util.Spliterators$ArraySpliterator.tryAdvance(Unknown Source)
	at java.util.stream.ReferencePipeline.forEachWithCancel(Unknown Source)
	at java.util.stream.AbstractPipeline.copyIntoWithCancel(Unknown Source)
	at java.util.stream.AbstractPipeline.copyInto(Unknown Source)
	at java.util.stream.AbstractPipeline.wrapAndCopyInto(Unknown Source)
	at java.util.stream.FindOps$FindOp.evaluateSequential(Unknown Source)
	at java.util.stream.AbstractPipeline.evaluate(Unknown Source)
	at java.util.stream.ReferencePipeline.findFirst(Unknown Source)
	at org.openqa.selenium.remote.ProtocolHandshake.createSession(ProtocolHandshake.java:128)
	at org.openqa.selenium.remote.ProtocolHandshake.createSession(ProtocolHandshake.java:74)
	at org.openqa.selenium.remote.HttpCommandExecutor.execute(HttpCommandExecutor.java:136)
	at org.openqa.selenium.remote.service.DriverCommandExecutor.execute(DriverCommandExecutor.java:83)
	at org.openqa.selenium.remote.RemoteWebDriver.execute(RemoteWebDriver.java:552)
	at org.openqa.selenium.remote.RemoteWebDriver.startSession(RemoteWebDriver.java:213)
	at org.openqa.selenium.remote.RemoteWebDriver.<init>(RemoteWebDriver.java:131)
	at org.openqa.selenium.chrome.ChromeDriver.<init>(ChromeDriver.java:181)
	at org.openqa.selenium.chrome.ChromeDriver.<init>(ChromeDriver.java:168)
	at org.openqa.selenium.chrome.ChromeDriver.<init>(ChromeDriver.java:123)
	at Webdriverprogrames.Testngprograms.open(Testngprograms.java:13)
	at sun.reflect.NativeMethodAccessorImpl.invoke0(Native Method)
	at sun.reflect.NativeMethodAccessorImpl.invoke(Unknown Source)
	at sun.reflect.DelegatingMethodAccessorImpl.invoke(Unknown Source)
	at java.lang.reflect.Method.invoke(Unknown Source)
	at org.testng.internal.MethodInvocationHelper.invokeMethod(MethodInvocationHelper.java:86)
	at org.testng.internal.Invoker.invokeConfigurationMethod(Invoker.java:515)
	at org.testng.internal.Invoker.invokeConfigurations(Invoker.java:216)
	at org.testng.internal.Invoker.invokeConfigurations(Invoker.java:143)
	at org.testng.TestRunner.beforeRun(TestRunner.java:656)
	at org.testng.TestRunner.run(TestRunner.java:624)
	at org.testng.SuiteRunner.runTest(SuiteRunner.java:366)
	at org.testng.SuiteRunner.runSequentially(SuiteRunner.java:361)
	at org.testng.SuiteRunner.privateRun(SuiteRunner.java:319)
	at org.testng.SuiteRunner.run(SuiteRunner.java:268)
	at org.testng.SuiteRunnerWorker.runSuite(SuiteRunnerWorker.java:52)
	at org.testng.SuiteRunnerWorker.run(SuiteRunnerWorker.java:86)
	at org.testng.TestNG.runSuitesSequentially(TestNG.java:1225)
	at org.testng.TestNG.runSuitesLocally(TestNG.java:1150)
	at org.testng.TestNG.runSuites(TestNG.java:1075)
	at org.testng.TestNG.run(TestNG.java:1047)
	at org.testng.remote.AbstractRemoteTestNG.run(AbstractRemoteTestNG.java:126)
	at org.testng.remote.RemoteTestNG.initAndRun(RemoteTestNG.java:137)
	at org.testng.remote.RemoteTestNG.main(RemoteTestNG.java:58)
]]>
    </error>
  </testcase> <!-- click -->
</testsuite> <!-- Webdriverprogrames.Testngprograms -->
